2025-05-29 00:29:34.356 | INFO     | Setting seed...
2025-05-29 00:29:34.356 | INFO     | Loading data...
2025-05-29 00:29:34.779 | INFO     | Building model...
2025-05-29 00:29:34.910 | INFO     | Training...
2025-05-29 00:29:47.506 | INFO     | Epoch 1:
2025-05-29 00:29:47.506 | INFO     |  - Train loss: 0.01959183
2025-05-29 00:29:47.506 | INFO     |  - Valid loss: 0.01392576
2025-05-29 00:29:47.506 | INFO     |  - Current best epoch: 1
2025-05-29 00:29:59.842 | INFO     | Epoch 2:
2025-05-29 00:29:59.842 | INFO     |  - Train loss: 0.01119785
2025-05-29 00:29:59.842 | INFO     |  - Valid loss: 0.01057907
2025-05-29 00:29:59.842 | INFO     |  - Current best epoch: 2
2025-05-29 00:30:12.343 | INFO     | Epoch 3:
2025-05-29 00:30:12.349 | INFO     |  - Train loss: 0.00943585
2025-05-29 00:30:12.349 | INFO     |  - Valid loss: 0.00757361
2025-05-29 00:30:12.349 | INFO     |  - Current best epoch: 3
2025-05-29 00:30:24.861 | INFO     | Epoch 4:
2025-05-29 00:30:24.861 | INFO     |  - Train loss: 0.00858631
2025-05-29 00:30:24.861 | INFO     |  - Valid loss: 0.00780674
2025-05-29 00:30:24.861 | INFO     |  - Current best epoch: 3
2025-05-29 00:30:37.004 | INFO     | Epoch 5:
2025-05-29 00:30:37.004 | INFO     |  - Train loss: 0.00797578
2025-05-29 00:30:37.004 | INFO     |  - Valid loss: 0.00644131
2025-05-29 00:30:37.004 | INFO     |  - Current best epoch: 5
2025-05-29 00:30:49.796 | INFO     | Epoch 6:
2025-05-29 00:30:49.796 | INFO     |  - Train loss: 0.00776697
2025-05-29 00:30:49.796 | INFO     |  - Valid loss: 0.00602394
2025-05-29 00:30:49.807 | INFO     |  - Current best epoch: 6
2025-05-29 00:31:02.088 | INFO     | Epoch 7:
2025-05-29 00:31:02.088 | INFO     |  - Train loss: 0.00717393
2025-05-29 00:31:02.088 | INFO     |  - Valid loss: 0.00645250
2025-05-29 00:31:02.088 | INFO     |  - Current best epoch: 6
2025-05-29 00:31:14.713 | INFO     | Epoch 8:
2025-05-29 00:31:14.713 | INFO     |  - Train loss: 0.00696929
2025-05-29 00:31:14.713 | INFO     |  - Valid loss: 0.00464334
2025-05-29 00:31:14.713 | INFO     |  - Current best epoch: 8
2025-05-29 00:31:27.307 | INFO     | Epoch 9:
2025-05-29 00:31:27.307 | INFO     |  - Train loss: 0.00662151
2025-05-29 00:31:27.307 | INFO     |  - Valid loss: 0.00495058
2025-05-29 00:31:27.307 | INFO     |  - Current best epoch: 8
2025-05-29 00:31:39.448 | INFO     | Epoch 10:
2025-05-29 00:31:39.448 | INFO     |  - Train loss: 0.00629429
2025-05-29 00:31:39.448 | INFO     |  - Valid loss: 0.00551234
2025-05-29 00:31:39.448 | INFO     |  - Current best epoch: 8
2025-05-29 00:31:52.013 | INFO     | Epoch 11:
2025-05-29 00:31:52.013 | INFO     |  - Train loss: 0.00609551
2025-05-29 00:31:52.013 | INFO     |  - Valid loss: 0.00440831
2025-05-29 00:31:52.029 | INFO     |  - Current best epoch: 11
2025-05-29 00:32:04.325 | INFO     | Epoch 12:
2025-05-29 00:32:04.325 | INFO     |  - Train loss: 0.00591439
2025-05-29 00:32:04.325 | INFO     |  - Valid loss: 0.00474038
2025-05-29 00:32:04.325 | INFO     |  - Current best epoch: 11
2025-05-29 00:32:17.201 | INFO     | Epoch 13:
2025-05-29 00:32:17.201 | INFO     |  - Train loss: 0.00559208
2025-05-29 00:32:17.201 | INFO     |  - Valid loss: 0.00408800
2025-05-29 00:32:17.201 | INFO     |  - Current best epoch: 13
2025-05-29 00:32:29.935 | INFO     | Epoch 14:
2025-05-29 00:32:29.935 | INFO     |  - Train loss: 0.00570432
2025-05-29 00:32:29.935 | INFO     |  - Valid loss: 0.00521174
2025-05-29 00:32:29.935 | INFO     |  - Current best epoch: 13
2025-05-29 00:32:42.351 | INFO     | Epoch 15:
2025-05-29 00:32:42.351 | INFO     |  - Train loss: 0.00552281
2025-05-29 00:32:42.351 | INFO     |  - Valid loss: 0.00459977
2025-05-29 00:32:42.351 | INFO     |  - Current best epoch: 13
2025-05-29 00:32:54.956 | INFO     | Epoch 16:
2025-05-29 00:32:54.956 | INFO     |  - Train loss: 0.00544391
2025-05-29 00:32:54.956 | INFO     |  - Valid loss: 0.00408580
2025-05-29 00:32:54.956 | INFO     |  - Current best epoch: 16
2025-05-29 00:33:07.293 | INFO     | Epoch 17:
2025-05-29 00:33:07.293 | INFO     |  - Train loss: 0.00513094
2025-05-29 00:33:07.293 | INFO     |  - Valid loss: 0.00513298
2025-05-29 00:33:07.293 | INFO     |  - Current best epoch: 16
2025-05-29 00:33:20.022 | INFO     | Epoch 18:
2025-05-29 00:33:20.022 | INFO     |  - Train loss: 0.00505303
2025-05-29 00:33:20.022 | INFO     |  - Valid loss: 0.00495229
2025-05-29 00:33:20.022 | INFO     |  - Current best epoch: 16
2025-05-29 00:33:32.627 | INFO     | Epoch 19:
2025-05-29 00:33:32.627 | INFO     |  - Train loss: 0.00484958
2025-05-29 00:33:32.627 | INFO     |  - Valid loss: 0.00510277
2025-05-29 00:33:32.627 | INFO     |  - Current best epoch: 16
2025-05-29 00:33:45.145 | INFO     | Epoch 20:
2025-05-29 00:33:45.145 | INFO     |  - Train loss: 0.00470291
2025-05-29 00:33:45.145 | INFO     |  - Valid loss: 0.00368909
2025-05-29 00:33:45.145 | INFO     |  - Current best epoch: 20
2025-05-29 00:33:57.979 | INFO     | Epoch 21:
2025-05-29 00:33:57.979 | INFO     |  - Train loss: 0.00485590
2025-05-29 00:33:57.979 | INFO     |  - Valid loss: 0.00379923
2025-05-29 00:33:57.979 | INFO     |  - Current best epoch: 20
2025-05-29 00:34:10.176 | INFO     | Epoch 22:
2025-05-29 00:34:10.176 | INFO     |  - Train loss: 0.00465612
2025-05-29 00:34:10.176 | INFO     |  - Valid loss: 0.00495510
2025-05-29 00:34:10.176 | INFO     |  - Current best epoch: 20
2025-05-29 00:34:22.759 | INFO     | Epoch 23:
2025-05-29 00:34:22.759 | INFO     |  - Train loss: 0.00448265
2025-05-29 00:34:22.759 | INFO     |  - Valid loss: 0.00338379
2025-05-29 00:34:22.759 | INFO     |  - Current best epoch: 23
2025-05-29 00:34:35.247 | INFO     | Epoch 24:
2025-05-29 00:34:35.247 | INFO     |  - Train loss: 0.00440158
2025-05-29 00:34:35.247 | INFO     |  - Valid loss: 0.00484408
2025-05-29 00:34:35.247 | INFO     |  - Current best epoch: 23
2025-05-29 00:34:47.687 | INFO     | Epoch 25:
2025-05-29 00:34:47.687 | INFO     |  - Train loss: 0.00446363
2025-05-29 00:34:47.687 | INFO     |  - Valid loss: 0.00346030
2025-05-29 00:34:47.687 | INFO     |  - Current best epoch: 23
2025-05-29 00:35:00.551 | INFO     | Epoch 26:
2025-05-29 00:35:00.551 | INFO     |  - Train loss: 0.00441748
2025-05-29 00:35:00.551 | INFO     |  - Valid loss: 0.00409647
2025-05-29 00:35:00.551 | INFO     |  - Current best epoch: 23
2025-05-29 00:35:12.908 | INFO     | Epoch 27:
2025-05-29 00:35:12.908 | INFO     |  - Train loss: 0.00431138
2025-05-29 00:35:12.908 | INFO     |  - Valid loss: 0.00409578
2025-05-29 00:35:12.908 | INFO     |  - Current best epoch: 23
2025-05-29 00:35:25.541 | INFO     | Epoch 28:
2025-05-29 00:35:25.541 | INFO     |  - Train loss: 0.00429632
2025-05-29 00:35:25.541 | INFO     |  - Valid loss: 0.00377267
2025-05-29 00:35:25.541 | INFO     |  - Current best epoch: 23
2025-05-29 00:35:37.909 | INFO     | Epoch 29:
2025-05-29 00:35:37.909 | INFO     |  - Train loss: 0.00425661
2025-05-29 00:35:37.909 | INFO     |  - Valid loss: 0.00334767
2025-05-29 00:35:37.919 | INFO     |  - Current best epoch: 29
2025-05-29 00:35:50.259 | INFO     | Epoch 30:
2025-05-29 00:35:50.259 | INFO     |  - Train loss: 0.00408024
2025-05-29 00:35:50.259 | INFO     |  - Valid loss: 0.00376413
2025-05-29 00:35:50.259 | INFO     |  - Current best epoch: 29
2025-05-29 00:36:02.995 | INFO     | Epoch 31:
2025-05-29 00:36:02.995 | INFO     |  - Train loss: 0.00413503
2025-05-29 00:36:02.995 | INFO     |  - Valid loss: 0.00410116
2025-05-29 00:36:02.995 | INFO     |  - Current best epoch: 29
2025-05-29 00:36:15.426 | INFO     | Epoch 32:
2025-05-29 00:36:15.426 | INFO     |  - Train loss: 0.00405146
2025-05-29 00:36:15.426 | INFO     |  - Valid loss: 0.00291168
2025-05-29 00:36:15.426 | INFO     |  - Current best epoch: 32
2025-05-29 00:36:28.246 | INFO     | Epoch 33:
2025-05-29 00:36:28.246 | INFO     |  - Train loss: 0.00390063
2025-05-29 00:36:28.246 | INFO     |  - Valid loss: 0.00362921
2025-05-29 00:36:28.246 | INFO     |  - Current best epoch: 32
2025-05-29 00:36:40.666 | INFO     | Epoch 34:
2025-05-29 00:36:40.666 | INFO     |  - Train loss: 0.00397870
2025-05-29 00:36:40.666 | INFO     |  - Valid loss: 0.00354881
2025-05-29 00:36:40.666 | INFO     |  - Current best epoch: 32
2025-05-29 00:36:51.479 | INFO     | Epoch 35:
2025-05-29 00:36:51.479 | INFO     |  - Train loss: 0.00397537
2025-05-29 00:36:51.494 | INFO     |  - Valid loss: 0.00404033
2025-05-29 00:36:51.494 | INFO     |  - Current best epoch: 32
2025-05-29 00:37:02.492 | INFO     | Epoch 36:
2025-05-29 00:37:02.493 | INFO     |  - Train loss: 0.00382927
2025-05-29 00:37:02.493 | INFO     |  - Valid loss: 0.00307427
2025-05-29 00:37:02.494 | INFO     |  - Current best epoch: 32
2025-05-29 00:37:13.300 | INFO     | Epoch 37:
2025-05-29 00:37:13.301 | INFO     |  - Train loss: 0.00394809
2025-05-29 00:37:13.301 | INFO     |  - Valid loss: 0.00297311
2025-05-29 00:37:13.301 | INFO     |  - Current best epoch: 32
2025-05-29 00:37:24.032 | INFO     | Epoch 38:
2025-05-29 00:37:24.033 | INFO     |  - Train loss: 0.00409873
2025-05-29 00:37:24.033 | INFO     |  - Valid loss: 0.00290460
2025-05-29 00:37:24.036 | INFO     |  - Current best epoch: 38
2025-05-29 00:37:36.673 | INFO     | Epoch 39:
2025-05-29 00:37:36.674 | INFO     |  - Train loss: 0.00406397
2025-05-29 00:37:36.674 | INFO     |  - Valid loss: 0.00349699
2025-05-29 00:37:36.674 | INFO     |  - Current best epoch: 38
2025-05-29 00:37:48.028 | INFO     | Epoch 40:
2025-05-29 00:37:48.028 | INFO     |  - Train loss: 0.00386278
2025-05-29 00:37:48.028 | INFO     |  - Valid loss: 0.00396667
2025-05-29 00:37:48.028 | INFO     |  - Current best epoch: 38
2025-05-29 00:37:58.909 | INFO     | Epoch 41:
2025-05-29 00:37:58.909 | INFO     |  - Train loss: 0.00378008
2025-05-29 00:37:58.909 | INFO     |  - Valid loss: 0.00421597
2025-05-29 00:37:58.909 | INFO     |  - Current best epoch: 38
2025-05-29 00:38:09.910 | INFO     | Epoch 42:
2025-05-29 00:38:09.921 | INFO     |  - Train loss: 0.00381152
2025-05-29 00:38:09.921 | INFO     |  - Valid loss: 0.00291225
2025-05-29 00:38:09.921 | INFO     |  - Current best epoch: 38
2025-05-29 00:38:21.457 | INFO     | Epoch 43:
2025-05-29 00:38:21.457 | INFO     |  - Train loss: 0.00371114
2025-05-29 00:38:21.457 | INFO     |  - Valid loss: 0.00330319
2025-05-29 00:38:21.457 | INFO     |  - Current best epoch: 38
2025-05-29 00:38:31.966 | INFO     | Epoch 44:
2025-05-29 00:38:31.966 | INFO     |  - Train loss: 0.00369333
2025-05-29 00:38:31.966 | INFO     |  - Valid loss: 0.00284507
2025-05-29 00:38:31.983 | INFO     |  - Current best epoch: 44
2025-05-29 00:38:42.425 | INFO     | Epoch 45:
2025-05-29 00:38:42.425 | INFO     |  - Train loss: 0.00368832
2025-05-29 00:38:42.441 | INFO     |  - Valid loss: 0.00299204
2025-05-29 00:38:42.441 | INFO     |  - Current best epoch: 44
2025-05-29 00:38:53.562 | INFO     | Epoch 46:
2025-05-29 00:38:53.562 | INFO     |  - Train loss: 0.00373085
2025-05-29 00:38:53.562 | INFO     |  - Valid loss: 0.00327081
2025-05-29 00:38:53.562 | INFO     |  - Current best epoch: 44
2025-05-29 00:39:05.008 | INFO     | Epoch 47:
2025-05-29 00:39:05.008 | INFO     |  - Train loss: 0.00357174
2025-05-29 00:39:05.008 | INFO     |  - Valid loss: 0.00301207
2025-05-29 00:39:05.008 | INFO     |  - Current best epoch: 44
2025-05-29 00:39:15.787 | INFO     | Epoch 48:
2025-05-29 00:39:15.787 | INFO     |  - Train loss: 0.00354080
2025-05-29 00:39:15.787 | INFO     |  - Valid loss: 0.00277993
2025-05-29 00:39:15.789 | INFO     |  - Current best epoch: 48
2025-05-29 00:39:26.669 | INFO     | Epoch 49:
2025-05-29 00:39:26.669 | INFO     |  - Train loss: 0.00359453
2025-05-29 00:39:26.669 | INFO     |  - Valid loss: 0.00325706
2025-05-29 00:39:26.669 | INFO     |  - Current best epoch: 48
2025-05-29 00:39:37.508 | INFO     | Epoch 50:
2025-05-29 00:39:37.508 | INFO     |  - Train loss: 0.00355096
2025-05-29 00:39:37.508 | INFO     |  - Valid loss: 0.00370027
2025-05-29 00:39:37.508 | INFO     |  - Current best epoch: 48
2025-05-29 00:39:48.286 | INFO     | Epoch 51:
2025-05-29 00:39:48.286 | INFO     |  - Train loss: 0.00364935
2025-05-29 00:39:48.287 | INFO     |  - Valid loss: 0.00362421
2025-05-29 00:39:48.287 | INFO     |  - Current best epoch: 48
2025-05-29 00:39:59.295 | INFO     | Epoch 52:
2025-05-29 00:39:59.295 | INFO     |  - Train loss: 0.00359979
2025-05-29 00:39:59.295 | INFO     |  - Valid loss: 0.00269732
2025-05-29 00:39:59.295 | INFO     |  - Current best epoch: 52
2025-05-29 00:40:10.150 | INFO     | Epoch 53:
2025-05-29 00:40:10.150 | INFO     |  - Train loss: 0.00355153
2025-05-29 00:40:10.151 | INFO     |  - Valid loss: 0.00326472
2025-05-29 00:40:10.151 | INFO     |  - Current best epoch: 52
2025-05-29 00:40:20.932 | INFO     | Epoch 54:
2025-05-29 00:40:20.932 | INFO     |  - Train loss: 0.00353336
2025-05-29 00:40:20.933 | INFO     |  - Valid loss: 0.00370375
2025-05-29 00:40:20.933 | INFO     |  - Current best epoch: 52
2025-05-29 00:40:31.675 | INFO     | Epoch 55:
2025-05-29 00:40:31.675 | INFO     |  - Train loss: 0.00354810
2025-05-29 00:40:31.675 | INFO     |  - Valid loss: 0.00293297
2025-05-29 00:40:31.675 | INFO     |  - Current best epoch: 52
2025-05-29 00:40:42.549 | INFO     | Epoch 56:
2025-05-29 00:40:42.550 | INFO     |  - Train loss: 0.00342302
2025-05-29 00:40:42.550 | INFO     |  - Valid loss: 0.00278448
2025-05-29 00:40:42.551 | INFO     |  - Current best epoch: 52
2025-05-29 00:40:53.556 | INFO     | Epoch 57:
2025-05-29 00:40:53.556 | INFO     |  - Train loss: 0.00342746
2025-05-29 00:40:53.556 | INFO     |  - Valid loss: 0.00257154
2025-05-29 00:40:53.556 | INFO     |  - Current best epoch: 57
2025-05-29 00:41:04.300 | INFO     | Epoch 58:
2025-05-29 00:41:04.300 | INFO     |  - Train loss: 0.00333250
2025-05-29 00:41:04.300 | INFO     |  - Valid loss: 0.00301004
2025-05-29 00:41:04.300 | INFO     |  - Current best epoch: 57
2025-05-29 00:41:15.129 | INFO     | Epoch 59:
2025-05-29 00:41:15.129 | INFO     |  - Train loss: 0.00342796
2025-05-29 00:41:15.129 | INFO     |  - Valid loss: 0.00291645
2025-05-29 00:41:15.129 | INFO     |  - Current best epoch: 57
2025-05-29 00:41:26.028 | INFO     | Epoch 60:
2025-05-29 00:41:26.028 | INFO     |  - Train loss: 0.00345834
2025-05-29 00:41:26.028 | INFO     |  - Valid loss: 0.00260250
2025-05-29 00:41:26.028 | INFO     |  - Current best epoch: 57
2025-05-29 00:41:37.007 | INFO     | Epoch 61:
2025-05-29 00:41:37.007 | INFO     |  - Train loss: 0.00334085
2025-05-29 00:41:37.007 | INFO     |  - Valid loss: 0.00328892
2025-05-29 00:41:37.007 | INFO     |  - Current best epoch: 57
2025-05-29 00:41:48.707 | INFO     | Epoch 62:
2025-05-29 00:41:48.707 | INFO     |  - Train loss: 0.00333040
2025-05-29 00:41:48.707 | INFO     |  - Valid loss: 0.00348466
2025-05-29 00:41:48.707 | INFO     |  - Current best epoch: 57
2025-05-29 00:42:01.115 | INFO     | Epoch 63:
2025-05-29 00:42:01.115 | INFO     |  - Train loss: 0.00334323
2025-05-29 00:42:01.115 | INFO     |  - Valid loss: 0.00337329
2025-05-29 00:42:01.115 | INFO     |  - Current best epoch: 57
2025-05-29 00:42:12.715 | INFO     | Epoch 64:
2025-05-29 00:42:12.716 | INFO     |  - Train loss: 0.00333944
2025-05-29 00:42:12.716 | INFO     |  - Valid loss: 0.00281105
2025-05-29 00:42:12.716 | INFO     |  - Current best epoch: 57
2025-05-29 00:42:24.067 | INFO     | Epoch 65:
2025-05-29 00:42:24.068 | INFO     |  - Train loss: 0.00333607
2025-05-29 00:42:24.068 | INFO     |  - Valid loss: 0.00309674
2025-05-29 00:42:24.068 | INFO     |  - Current best epoch: 57
2025-05-29 00:42:35.565 | INFO     | Epoch 66:
2025-05-29 00:42:35.566 | INFO     |  - Train loss: 0.00325486
2025-05-29 00:42:35.566 | INFO     |  - Valid loss: 0.00253936
2025-05-29 00:42:35.568 | INFO     |  - Current best epoch: 66
2025-05-29 00:42:47.271 | INFO     | Epoch 67:
2025-05-29 00:42:47.271 | INFO     |  - Train loss: 0.00326739
2025-05-29 00:42:47.271 | INFO     |  - Valid loss: 0.00293843
2025-05-29 00:42:47.271 | INFO     |  - Current best epoch: 66
2025-05-29 00:42:58.965 | INFO     | Epoch 68:
2025-05-29 00:42:58.965 | INFO     |  - Train loss: 0.00320580
2025-05-29 00:42:58.965 | INFO     |  - Valid loss: 0.00266042
2025-05-29 00:42:58.965 | INFO     |  - Current best epoch: 66
2025-05-29 00:43:10.930 | INFO     | Epoch 69:
2025-05-29 00:43:10.931 | INFO     |  - Train loss: 0.00324563
2025-05-29 00:43:10.931 | INFO     |  - Valid loss: 0.00292712
2025-05-29 00:43:10.931 | INFO     |  - Current best epoch: 66
2025-05-29 00:43:22.445 | INFO     | Epoch 70:
2025-05-29 00:43:22.445 | INFO     |  - Train loss: 0.00321764
2025-05-29 00:43:22.445 | INFO     |  - Valid loss: 0.00268929
2025-05-29 00:43:22.445 | INFO     |  - Current best epoch: 66
2025-05-29 00:43:34.089 | INFO     | Epoch 71:
2025-05-29 00:43:34.089 | INFO     |  - Train loss: 0.00318338
2025-05-29 00:43:34.089 | INFO     |  - Valid loss: 0.00275105
2025-05-29 00:43:34.089 | INFO     |  - Current best epoch: 66
2025-05-29 00:43:45.192 | INFO     | Epoch 72:
2025-05-29 00:43:45.192 | INFO     |  - Train loss: 0.00319226
2025-05-29 00:43:45.192 | INFO     |  - Valid loss: 0.00311200
2025-05-29 00:43:45.192 | INFO     |  - Current best epoch: 66
2025-05-29 00:43:55.916 | INFO     | Epoch 73:
2025-05-29 00:43:55.916 | INFO     |  - Train loss: 0.00317882
2025-05-29 00:43:55.916 | INFO     |  - Valid loss: 0.00264358
2025-05-29 00:43:55.916 | INFO     |  - Current best epoch: 66
2025-05-29 00:44:07.164 | INFO     | Epoch 74:
2025-05-29 00:44:07.164 | INFO     |  - Train loss: 0.00312698
2025-05-29 00:44:07.164 | INFO     |  - Valid loss: 0.00309773
2025-05-29 00:44:07.164 | INFO     |  - Current best epoch: 66
2025-05-29 00:44:17.922 | INFO     | Epoch 75:
2025-05-29 00:44:17.922 | INFO     |  - Train loss: 0.00320348
2025-05-29 00:44:17.922 | INFO     |  - Valid loss: 0.00251416
2025-05-29 00:44:17.938 | INFO     |  - Current best epoch: 75
2025-05-29 00:44:28.668 | INFO     | Epoch 76:
2025-05-29 00:44:28.668 | INFO     |  - Train loss: 0.00322674
2025-05-29 00:44:28.668 | INFO     |  - Valid loss: 0.00330309
2025-05-29 00:44:28.668 | INFO     |  - Current best epoch: 75
2025-05-29 00:44:40.463 | INFO     | Epoch 77:
2025-05-29 00:44:40.463 | INFO     |  - Train loss: 0.00313893
2025-05-29 00:44:40.463 | INFO     |  - Valid loss: 0.00357832
2025-05-29 00:44:40.463 | INFO     |  - Current best epoch: 75
2025-05-29 00:44:51.178 | INFO     | Epoch 78:
2025-05-29 00:44:51.178 | INFO     |  - Train loss: 0.00314123
2025-05-29 00:44:51.178 | INFO     |  - Valid loss: 0.00323530
2025-05-29 00:44:51.178 | INFO     |  - Current best epoch: 75
2025-05-29 00:45:02.175 | INFO     | Epoch 79:
2025-05-29 00:45:02.175 | INFO     |  - Train loss: 0.00307501
2025-05-29 00:45:02.175 | INFO     |  - Valid loss: 0.00234879
2025-05-29 00:45:02.175 | INFO     |  - Current best epoch: 79
2025-05-29 00:45:13.320 | INFO     | Epoch 80:
2025-05-29 00:45:13.320 | INFO     |  - Train loss: 0.00305794
2025-05-29 00:45:13.332 | INFO     |  - Valid loss: 0.00266762
2025-05-29 00:45:13.332 | INFO     |  - Current best epoch: 79
2025-05-29 00:45:24.318 | INFO     | Epoch 81:
2025-05-29 00:45:24.318 | INFO     |  - Train loss: 0.00315467
2025-05-29 00:45:24.318 | INFO     |  - Valid loss: 0.00255852
2025-05-29 00:45:24.318 | INFO     |  - Current best epoch: 79
2025-05-29 00:45:35.513 | INFO     | Epoch 82:
2025-05-29 00:45:35.513 | INFO     |  - Train loss: 0.00315089
2025-05-29 00:45:35.513 | INFO     |  - Valid loss: 0.00304709
2025-05-29 00:45:35.513 | INFO     |  - Current best epoch: 79
2025-05-29 00:45:47.123 | INFO     | Epoch 83:
2025-05-29 00:45:47.123 | INFO     |  - Train loss: 0.00310911
2025-05-29 00:45:47.123 | INFO     |  - Valid loss: 0.00297968
2025-05-29 00:45:47.123 | INFO     |  - Current best epoch: 79
