2025-06-05 11:45:34.299 | INFO     | Setting seed...
2025-06-05 11:45:34.301 | INFO     | Loading data...
2025-06-05 11:45:34.699 | INFO     | Building model...
2025-06-05 11:45:34.833 | INFO     | Training...
2025-06-05 11:45:47.472 | INFO     | Epoch 1:
2025-06-05 11:45:47.473 | INFO     |  - Train loss: 0.50723950
2025-06-05 11:45:47.475 | INFO     |  - Current best epoch: 1
2025-06-05 11:45:59.484 | INFO     | Epoch 2:
2025-06-05 11:45:59.484 | INFO     |  - Train loss: 0.23715534
2025-06-05 11:45:59.487 | INFO     |  - Current best epoch: 2
2025-06-05 11:46:11.975 | INFO     | Epoch 3:
2025-06-05 11:46:11.975 | INFO     |  - Train loss: 0.21902012
2025-06-05 11:46:11.978 | INFO     |  - Current best epoch: 3
2025-06-05 11:46:24.337 | INFO     | Epoch 4:
2025-06-05 11:46:24.338 | INFO     |  - Train loss: 0.16763705
2025-06-05 11:46:24.340 | INFO     |  - Current best epoch: 4
2025-06-05 11:46:36.287 | INFO     | Epoch 5:
2025-06-05 11:46:36.287 | INFO     |  - Train loss: 0.15142602
2025-06-05 11:46:36.290 | INFO     |  - Current best epoch: 5
2025-06-05 11:46:49.050 | INFO     | Epoch 6:
2025-06-05 11:46:49.050 | INFO     |  - Train loss: 0.16587821
2025-06-05 11:46:49.050 | INFO     |  - Current best epoch: 5
2025-06-05 11:47:01.120 | INFO     | Epoch 7:
2025-06-05 11:47:01.120 | INFO     |  - Train loss: 0.08772249
2025-06-05 11:47:01.124 | INFO     |  - Current best epoch: 7
2025-06-05 11:47:13.129 | INFO     | Epoch 8:
2025-06-05 11:47:13.130 | INFO     |  - Train loss: 0.17009134
2025-06-05 11:47:13.130 | INFO     |  - Current best epoch: 7
2025-06-05 11:47:25.586 | INFO     | Epoch 9:
2025-06-05 11:47:25.586 | INFO     |  - Train loss: 0.07264024
2025-06-05 11:47:25.588 | INFO     |  - Current best epoch: 9
2025-06-05 11:47:37.881 | INFO     | Epoch 10:
2025-06-05 11:47:37.881 | INFO     |  - Train loss: 0.06362173
2025-06-05 11:47:37.883 | INFO     |  - Current best epoch: 10
2025-06-05 11:47:50.212 | INFO     | Epoch 11:
2025-06-05 11:47:50.212 | INFO     |  - Train loss: 0.13599191
2025-06-05 11:47:50.212 | INFO     |  - Current best epoch: 10
2025-06-05 11:48:02.190 | INFO     | Epoch 12:
2025-06-05 11:48:02.191 | INFO     |  - Train loss: 0.13778527
2025-06-05 11:48:02.191 | INFO     |  - Current best epoch: 10
2025-06-05 11:48:15.041 | INFO     | Epoch 13:
2025-06-05 11:48:15.041 | INFO     |  - Train loss: 0.04391381
2025-06-05 11:48:15.043 | INFO     |  - Current best epoch: 13
2025-06-05 11:48:27.073 | INFO     | Epoch 14:
2025-06-05 11:48:27.073 | INFO     |  - Train loss: 0.04426171
2025-06-05 11:48:27.074 | INFO     |  - Current best epoch: 13
2025-06-05 11:48:39.211 | INFO     | Epoch 15:
2025-06-05 11:48:39.212 | INFO     |  - Train loss: 0.15368040
2025-06-05 11:48:39.212 | INFO     |  - Current best epoch: 13
2025-06-05 11:48:51.637 | INFO     | Epoch 16:
2025-06-05 11:48:51.638 | INFO     |  - Train loss: 0.03403046
2025-06-05 11:48:51.640 | INFO     |  - Current best epoch: 16
2025-06-05 11:49:03.940 | INFO     | Epoch 17:
2025-06-05 11:49:03.941 | INFO     |  - Train loss: 0.06568661
2025-06-05 11:49:03.941 | INFO     |  - Current best epoch: 16
2025-06-05 11:49:16.257 | INFO     | Epoch 18:
2025-06-05 11:49:16.257 | INFO     |  - Train loss: 0.30862264
2025-06-05 11:49:16.258 | INFO     |  - Current best epoch: 16
2025-06-05 11:49:28.192 | INFO     | Epoch 19:
2025-06-05 11:49:28.193 | INFO     |  - Train loss: 0.03768683
2025-06-05 11:49:28.193 | INFO     |  - Current best epoch: 16
2025-06-05 11:49:40.799 | INFO     | Epoch 20:
2025-06-05 11:49:40.799 | INFO     |  - Train loss: 0.03331059
2025-06-05 11:49:40.802 | INFO     |  - Current best epoch: 20
2025-06-05 11:49:52.817 | INFO     | Epoch 21:
2025-06-05 11:49:52.817 | INFO     |  - Train loss: 0.04276055
2025-06-05 11:49:52.817 | INFO     |  - Current best epoch: 20
2025-06-05 11:50:05.029 | INFO     | Epoch 22:
2025-06-05 11:50:05.029 | INFO     |  - Train loss: 0.04188117
2025-06-05 11:50:05.029 | INFO     |  - Current best epoch: 20
2025-06-05 11:50:17.624 | INFO     | Epoch 23:
2025-06-05 11:50:17.624 | INFO     |  - Train loss: 0.13091730
2025-06-05 11:50:17.624 | INFO     |  - Current best epoch: 20
2025-06-05 11:50:29.501 | INFO     | Epoch 24:
2025-06-05 11:50:29.511 | INFO     |  - Train loss: 0.17218928
2025-06-05 11:50:29.515 | INFO     |  - Current best epoch: 20
2025-06-05 11:50:42.052 | INFO     | Epoch 25:
2025-06-05 11:50:42.052 | INFO     |  - Train loss: 0.26034562
2025-06-05 11:50:42.052 | INFO     |  - Current best epoch: 20
2025-06-05 11:50:54.189 | INFO     | Epoch 26:
2025-06-05 11:50:54.189 | INFO     |  - Train loss: 0.06038254
2025-06-05 11:50:54.189 | INFO     |  - Current best epoch: 20
2025-06-05 11:51:06.485 | INFO     | Epoch 27:
2025-06-05 11:51:06.485 | INFO     |  - Train loss: 0.03218845
2025-06-05 11:51:06.488 | INFO     |  - Current best epoch: 27
2025-06-05 11:51:18.904 | INFO     | Epoch 28:
2025-06-05 11:51:18.904 | INFO     |  - Train loss: 0.03282560
2025-06-05 11:51:18.904 | INFO     |  - Current best epoch: 27
2025-06-05 11:51:30.876 | INFO     | Epoch 29:
2025-06-05 11:51:30.877 | INFO     |  - Train loss: 0.03498561
2025-06-05 11:51:30.877 | INFO     |  - Current best epoch: 27
2025-06-05 11:51:43.571 | INFO     | Epoch 30:
2025-06-05 11:51:43.571 | INFO     |  - Train loss: 0.04516650
2025-06-05 11:51:43.572 | INFO     |  - Current best epoch: 27
2025-06-05 11:51:54.760 | INFO     | Epoch 31:
2025-06-05 11:51:54.760 | INFO     |  - Train loss: 0.05784955
2025-06-05 11:51:54.760 | INFO     |  - Current best epoch: 27
2025-06-05 11:52:06.684 | INFO     | Epoch 32:
2025-06-05 11:52:06.685 | INFO     |  - Train loss: 0.10247198
2025-06-05 11:52:06.685 | INFO     |  - Current best epoch: 27
2025-06-05 11:52:19.102 | INFO     | Epoch 33:
2025-06-05 11:52:19.103 | INFO     |  - Train loss: 0.16679201
2025-06-05 11:52:19.103 | INFO     |  - Current best epoch: 27
2025-06-05 11:52:31.452 | INFO     | Epoch 34:
2025-06-05 11:52:31.452 | INFO     |  - Train loss: 0.03266937
2025-06-05 11:52:31.453 | INFO     |  - Current best epoch: 27
2025-06-05 11:52:43.773 | INFO     | Epoch 35:
2025-06-05 11:52:43.773 | INFO     |  - Train loss: 0.02195385
2025-06-05 11:52:43.776 | INFO     |  - Current best epoch: 35
2025-06-05 11:52:55.997 | INFO     | Epoch 36:
2025-06-05 11:52:55.997 | INFO     |  - Train loss: 0.04646738
2025-06-05 11:52:55.998 | INFO     |  - Current best epoch: 35
2025-06-05 11:53:08.641 | INFO     | Epoch 37:
2025-06-05 11:53:08.641 | INFO     |  - Train loss: 0.23455680
2025-06-05 11:53:08.642 | INFO     |  - Current best epoch: 35
2025-06-05 11:53:20.787 | INFO     | Epoch 38:
2025-06-05 11:53:20.787 | INFO     |  - Train loss: 0.02777332
2025-06-05 11:53:20.788 | INFO     |  - Current best epoch: 35
2025-06-05 11:53:33.214 | INFO     | Epoch 39:
2025-06-05 11:53:33.215 | INFO     |  - Train loss: 0.02650840
2025-06-05 11:53:33.215 | INFO     |  - Current best epoch: 35
2025-06-05 11:53:45.209 | INFO     | Epoch 40:
2025-06-05 11:53:45.209 | INFO     |  - Train loss: 0.02618929
2025-06-05 11:53:45.210 | INFO     |  - Current best epoch: 35
2025-06-05 11:53:57.435 | INFO     | Epoch 41:
2025-06-05 11:53:57.435 | INFO     |  - Train loss: 0.02570646
2025-06-05 11:53:57.435 | INFO     |  - Current best epoch: 35
2025-06-05 11:54:09.914 | INFO     | Epoch 42:
2025-06-05 11:54:09.914 | INFO     |  - Train loss: 0.08306296
2025-06-05 11:54:09.914 | INFO     |  - Current best epoch: 35
2025-06-05 11:54:21.710 | INFO     | Epoch 43:
2025-06-05 11:54:21.710 | INFO     |  - Train loss: 0.23501219
2025-06-05 11:54:21.710 | INFO     |  - Current best epoch: 35
2025-06-05 11:54:34.624 | INFO     | Epoch 44:
2025-06-05 11:54:34.624 | INFO     |  - Train loss: 0.11509060
2025-06-05 11:54:34.624 | INFO     |  - Current best epoch: 35
2025-06-05 11:54:46.796 | INFO     | Epoch 45:
2025-06-05 11:54:46.796 | INFO     |  - Train loss: 0.20805541
2025-06-05 11:54:46.796 | INFO     |  - Current best epoch: 35
2025-06-05 11:54:58.699 | INFO     | Epoch 46:
2025-06-05 11:54:58.700 | INFO     |  - Train loss: 0.02379496
2025-06-05 11:54:58.700 | INFO     |  - Current best epoch: 35
2025-06-05 11:55:11.364 | INFO     | Epoch 47:
2025-06-05 11:55:11.365 | INFO     |  - Train loss: 0.02375340
2025-06-05 11:55:11.365 | INFO     |  - Current best epoch: 35
2025-06-05 11:55:23.552 | INFO     | Epoch 48:
2025-06-05 11:55:23.552 | INFO     |  - Train loss: 0.02519602
2025-06-05 11:55:23.553 | INFO     |  - Current best epoch: 35
2025-06-05 11:55:35.810 | INFO     | Epoch 49:
2025-06-05 11:55:35.810 | INFO     |  - Train loss: 0.02652925
2025-06-05 11:55:35.811 | INFO     |  - Current best epoch: 35
2025-06-05 11:55:47.766 | INFO     | Epoch 50:
2025-06-05 11:55:47.766 | INFO     |  - Train loss: 0.02810502
2025-06-05 11:55:47.766 | INFO     |  - Current best epoch: 35
2025-06-05 11:55:47.782 | INFO     | Best epoch: 35
2025-06-05 11:55:47.782 | INFO     |  - Valid loss: 0.02195385
2025-06-05 11:55:47.783 | INFO     | Model save to saves\swat\20250605_114534.pth
2025-06-05 11:55:47.783 | INFO     | Evaluating...
2025-06-05 11:55:51.571 | INFO     |  - F1 score: 0.8554
2025-06-05 11:55:51.571 | INFO     |  - Precision: 0.9625
2025-06-05 11:55:51.572 | INFO     |  - Recall: 0.7698
2025-06-05 11:55:51.572 | INFO     |  - FPR: 0.0042
2025-06-05 11:55:51.572 | INFO     |  - FNR: 0.2302
